<?xml version="1.0" encoding="UTF-8"?>
<testsuite xmlns:xsi="http://www.w3.org/2001/XMLSchema-instance" xsi:noNamespaceSchemaLocation="https://maven.apache.org/surefire/maven-surefire-plugin/xsd/surefire-test-report.xsd" name="com.hoffmannjozsef.feladat.ListingTest" time="0.546" tests="11" errors="0" skipped="0" failures="0">
  <properties>
    <property name="java.specification.version" value="13"/>
    <property name="sun.cpu.isalist" value="amd64"/>
    <property name="sun.jnu.encoding" value="Cp1250"/>
    <property name="java.class.path" value="C:\Users\Hoffmann József\Documents\JAVA\worldofbook\wob-feladat\target\test-classes;C:\Users\Hoffmann József\Documents\JAVA\worldofbook\wob-feladat\target\classes;C:\Users\Hoffmann József\.m2\repository\junit\junit\4.12\junit-4.12.jar;C:\Users\Hoffmann József\.m2\repository\org\hamcrest\hamcrest-core\1.3\hamcrest-core-1.3.jar;C:\Users\Hoffmann József\.m2\repository\com\fasterxml\jackson\core\jackson-databind\2.9.9\jackson-databind-2.9.9.jar;C:\Users\Hoffmann József\.m2\repository\com\fasterxml\jackson\core\jackson-core\2.9.9\jackson-core-2.9.9.jar;C:\Users\Hoffmann József\.m2\repository\com\fasterxml\jackson\dataformat\jackson-dataformat-xml\2.9.9\jackson-dataformat-xml-2.9.9.jar;C:\Users\Hoffmann József\.m2\repository\com\fasterxml\jackson\module\jackson-module-jaxb-annotations\2.9.9\jackson-module-jaxb-annotations-2.9.9.jar;C:\Users\Hoffmann József\.m2\repository\org\codehaus\woodstox\stax2-api\3.1.4\stax2-api-3.1.4.jar;C:\Users\Hoffmann József\.m2\repository\com\fasterxml\woodstox\woodstox-core\5.1.0\woodstox-core-5.1.0.jar;C:\Users\Hoffmann József\.m2\repository\com\fasterxml\jackson\core\jackson-annotations\2.9.9\jackson-annotations-2.9.9.jar;C:\Users\Hoffmann József\.m2\repository\mysql\mysql-connector-java\8.0.17\mysql-connector-java-8.0.17.jar;C:\Users\Hoffmann József\.m2\repository\com\google\protobuf\protobuf-java\3.6.1\protobuf-java-3.6.1.jar;C:\Users\Hoffmann József\.m2\repository\com\google\code\gson\gson\2.3.1\gson-2.3.1.jar;C:\Users\Hoffmann József\.m2\repository\com\googlecode\json-simple\json-simple\1.1.1\json-simple-1.1.1.jar;C:\Users\Hoffmann József\.m2\repository\net\minidev\json-smart\2.3\json-smart-2.3.jar;C:\Users\Hoffmann József\.m2\repository\net\minidev\accessors-smart\1.2\accessors-smart-1.2.jar;C:\Users\Hoffmann József\.m2\repository\org\ow2\asm\asm\5.0.4\asm-5.0.4.jar;C:\Users\Hoffmann József\.m2\repository\commons-net\commons-net\3.6\commons-net-3.6.jar;C:\Users\Hoffmann József\.m2\repository\org\apache\commons\commons-math3\3.5\commons-math3-3.5.jar;"/>
    <property name="java.vm.vendor" value="Oracle Corporation"/>
    <property name="sun.arch.data.model" value="64"/>
    <property name="user.variant" value=""/>
    <property name="java.vendor.url" value="https://java.oracle.com/"/>
    <property name="user.timezone" value="Europe/Budapest"/>
    <property name="os.name" value="Windows 10"/>
    <property name="java.vm.specification.version" value="13"/>
    <property name="user.country" value="HU"/>
    <property name="sun.java.launcher" value="SUN_STANDARD"/>
    <property name="sun.boot.library.path" value="C:\Program Files\Java\jdk-13\bin"/>
    <property name="sun.java.command" value="C:\Users\HOFFMA~1\AppData\Local\Temp\surefire12377143679022606504\surefirebooter13800726358918625135.jar C:\Users\Hoffmann József\AppData\Local\Temp\surefire12377143679022606504 2019-09-24T22-14-10_810-jvmRun1 surefire12113860319170786598tmp surefire_05396732120306904156tmp"/>
    <property name="jdk.debug" value="release"/>
    <property name="surefire.test.class.path" value="C:\Users\Hoffmann József\Documents\JAVA\worldofbook\wob-feladat\target\test-classes;C:\Users\Hoffmann József\Documents\JAVA\worldofbook\wob-feladat\target\classes;C:\Users\Hoffmann József\.m2\repository\junit\junit\4.12\junit-4.12.jar;C:\Users\Hoffmann József\.m2\repository\org\hamcrest\hamcrest-core\1.3\hamcrest-core-1.3.jar;C:\Users\Hoffmann József\.m2\repository\com\fasterxml\jackson\core\jackson-databind\2.9.9\jackson-databind-2.9.9.jar;C:\Users\Hoffmann József\.m2\repository\com\fasterxml\jackson\core\jackson-core\2.9.9\jackson-core-2.9.9.jar;C:\Users\Hoffmann József\.m2\repository\com\fasterxml\jackson\dataformat\jackson-dataformat-xml\2.9.9\jackson-dataformat-xml-2.9.9.jar;C:\Users\Hoffmann József\.m2\repository\com\fasterxml\jackson\module\jackson-module-jaxb-annotations\2.9.9\jackson-module-jaxb-annotations-2.9.9.jar;C:\Users\Hoffmann József\.m2\repository\org\codehaus\woodstox\stax2-api\3.1.4\stax2-api-3.1.4.jar;C:\Users\Hoffmann József\.m2\repository\com\fasterxml\woodstox\woodstox-core\5.1.0\woodstox-core-5.1.0.jar;C:\Users\Hoffmann József\.m2\repository\com\fasterxml\jackson\core\jackson-annotations\2.9.9\jackson-annotations-2.9.9.jar;C:\Users\Hoffmann József\.m2\repository\mysql\mysql-connector-java\8.0.17\mysql-connector-java-8.0.17.jar;C:\Users\Hoffmann József\.m2\repository\com\google\protobuf\protobuf-java\3.6.1\protobuf-java-3.6.1.jar;C:\Users\Hoffmann József\.m2\repository\com\google\code\gson\gson\2.3.1\gson-2.3.1.jar;C:\Users\Hoffmann József\.m2\repository\com\googlecode\json-simple\json-simple\1.1.1\json-simple-1.1.1.jar;C:\Users\Hoffmann József\.m2\repository\net\minidev\json-smart\2.3\json-smart-2.3.jar;C:\Users\Hoffmann József\.m2\repository\net\minidev\accessors-smart\1.2\accessors-smart-1.2.jar;C:\Users\Hoffmann József\.m2\repository\org\ow2\asm\asm\5.0.4\asm-5.0.4.jar;C:\Users\Hoffmann József\.m2\repository\commons-net\commons-net\3.6\commons-net-3.6.jar;C:\Users\Hoffmann József\.m2\repository\org\apache\commons\commons-math3\3.5\commons-math3-3.5.jar;"/>
    <property name="sun.cpu.endian" value="little"/>
    <property name="user.home" value="C:\Users\Hoffmann József"/>
    <property name="user.language" value="hu"/>
    <property name="java.specification.vendor" value="Oracle Corporation"/>
    <property name="java.version.date" value="2019-09-17"/>
    <property name="java.home" value="C:\Program Files\Java\jdk-13"/>
    <property name="file.separator" value="\"/>
    <property name="basedir" value="C:\Users\Hoffmann József\Documents\JAVA\worldofbook\wob-feladat"/>
    <property name="java.vm.compressedOopsMode" value="32-bit"/>
    <property name="line.separator" value="&#10;"/>
    <property name="java.vm.specification.vendor" value="Oracle Corporation"/>
    <property name="java.specification.name" value="Java Platform API Specification"/>
    <property name="surefire.real.class.path" value="C:\Users\HOFFMA~1\AppData\Local\Temp\surefire12377143679022606504\surefirebooter13800726358918625135.jar"/>
    <property name="user.script" value=""/>
    <property name="sun.management.compiler" value="HotSpot 64-Bit Tiered Compilers"/>
    <property name="java.runtime.version" value="13+33"/>
    <property name="user.name" value="Hoffmann József"/>
    <property name="path.separator" value=";"/>
    <property name="os.version" value="10.0"/>
    <property name="java.runtime.name" value="Java(TM) SE Runtime Environment"/>
    <property name="file.encoding" value="UTF-8"/>
    <property name="java.vm.name" value="Java HotSpot(TM) 64-Bit Server VM"/>
    <property name="maven.ext.class.path" value="C:\Programok\netbeans\java\maven-nblib\netbeans-eventspy.jar"/>
    <property name="localRepository" value="C:\Users\Hoffmann József\.m2\repository"/>
    <property name="java.vendor.url.bug" value="https://bugreport.java.com/bugreport/"/>
    <property name="java.io.tmpdir" value="C:\Users\HOFFMA~1\AppData\Local\Temp\"/>
    <property name="java.version" value="13"/>
    <property name="user.dir" value="C:\Users\Hoffmann József\Documents\JAVA\worldofbook\wob-feladat"/>
    <property name="os.arch" value="amd64"/>
    <property name="java.vm.specification.name" value="Java Virtual Machine Specification"/>
    <property name="sun.os.patch.level" value=""/>
    <property name="java.library.path" value="C:\Program Files\Java\jdk-13\bin;C:\WINDOWS\Sun\Java\bin;C:\WINDOWS\system32;C:\WINDOWS;C:\Program Files (x86)\Common Files\Oracle\Java\javapath;C:\WINDOWS\system32;C:\WINDOWS;C:\WINDOWS\System32\Wbem;C:\WINDOWS\System32\WindowsPowerShell\v1.0\;C:\WINDOWS\System32\OpenSSH\;C:\Program Files (x86)\ATI Technologies\ATI.ACE\Core-Static;C:\Program Files\Git\cmd;C:\Program Files\Java\jdk-13;C:\Program Files\Java\jdk-13\bin\;c:\Programok\Gradle\gradle-5.4\\bin;c:\Programok\Groovy\groovy-2.5.6\bin;c:\Programok\Spring\spring-2.1.4.RELEASE\\bin;c:\Programok\Maven\apache-maven-3.6.1\bin;C:\Users\Hoffmann József\AppData\Local\Microsoft\WindowsApps;C:\Users\Hoffmann József\AppData\Local\GitHubDesktop\bin;."/>
    <property name="java.vm.info" value="mixed mode, sharing"/>
    <property name="java.vendor" value="Oracle Corporation"/>
    <property name="java.vm.version" value="13+33"/>
    <property name="sun.io.unicode.encoding" value="UnicodeLittle"/>
    <property name="java.class.version" value="57.0"/>
  </properties>
  <testcase name="testIsValidEmail" classname="com.hoffmannjozsef.feladat.ListingTest" time="0.03"/>
  <testcase name="testIsValidTitle" classname="com.hoffmannjozsef.feladat.ListingTest" time="0"/>
  <testcase name="testIsValidListingStatus" classname="com.hoffmannjozsef.feladat.ListingTest" time="0"/>
  <testcase name="testIsValidListingPrice" classname="com.hoffmannjozsef.feladat.ListingTest" time="0"/>
  <testcase name="testIsValidMarketplace" classname="com.hoffmannjozsef.feladat.ListingTest" time="0"/>
  <testcase name="testIsValidQuantity" classname="com.hoffmannjozsef.feladat.ListingTest" time="0"/>
  <testcase name="IsValidIdtest" classname="com.hoffmannjozsef.feladat.ListingTest" time="0"/>
  <testcase name="testIsValidDescription" classname="com.hoffmannjozsef.feladat.ListingTest" time="0"/>
  <testcase name="testSetUpload_time" classname="com.hoffmannjozsef.feladat.ListingTest" time="0.055"/>
  <testcase name="testIsValidCurrency" classname="com.hoffmannjozsef.feladat.ListingTest" time="0.001"/>
  <testcase name="testIsValidLocationId" classname="com.hoffmannjozsef.feladat.ListingTest" time="0.001"/>
</testsuite>